2021-07-06 08:26:45.688 [main] INFO . - user input: C:\Program Files\Huawei\DevEco Studio 2.1.0.303\tools\openjdk\bin\java,-j,-source,@C:/Users/Mayur/DevEcoStudioProjects/SignalStrength/.idea/code-check/java/detect.txt,-output,C:/Users/Mayur/DevEcoStudioProjects/SignalStrength/.idea/code-check/java/output.xml
2021-07-06 08:26:45.700 [main] INFO . - CodeMars Version:2.1.2.sp4
2021-07-06 08:26:45.999 [main] INFO . - starting analyzing.
2021-07-06 08:26:46.053 [main] INFO . - start collecting report.
2021-07-06 08:26:46.123 [CodeMars1] INFO . - Command: "C:\Program Files\Huawei\DevEco Studio 2.1.0.303\plugins\codecheck\lib\CodeMars\engines\SecFinder-J\bin\run_SecFinder-J.bat",-filelist,C:\Users\Mayur\DevEcoStudioProjects\SignalStrength\.idea\code-check\java\filelist_2021_07_06_08_26_46_055_17.txt,-f,xml,-default,-progress,-r,C:\Users\Mayur\DevEcoStudioProjects\SignalStrength\.idea\code-check\java\\errorreport_2021_07_06_08_26_45_294_13.xml,-ruleclasspath,file:///C:\Users\Mayur\DevEcoStudioProjects\SignalStrength\.idea\code-check\java\ruleclasspath.txt
2021-07-06 08:26:47.320 [Thread-2] INFO . - Jul 06, 2021 8:26:47 AM com.huawei.secfinderj.SecFinderJ needScan
2021-07-06 08:26:47.320 [Thread-2] INFO . - INFO: SecFinder-J Version: 2.1.3
2021-07-06 08:26:47.634 [Thread-1] INFO . - 2021-07-06 08:26:47.493: SecFinder-J Output: Inspect start...
2021-07-06 08:26:48.812 [Thread-1] INFO . - 2021-07-06 08:26:48.811: SecFinder-J Output: Load checkers...
2021-07-06 08:26:49.432 [Thread-1] INFO . - 2021-07-06 08:26:49.432: SecFinder-J Output: Load config...
2021-07-06 08:26:49.536 [Thread-1] INFO . - 2021-07-06 08:26:49.536: SecFinder-J Output: step 1/4: Find files
2021-07-06 08:26:49.732 [Thread-1] INFO . - 2021-07-06 08:26:49.731: SecFinder-J Output: step 2/4: Process files
2021-07-06 08:26:49.866 [Thread-1] INFO . - 2021-07-06 08:26:49.866: SecFinder-J Output: step 3/4: Run analysis...
2021-07-06 08:26:49.869 [Thread-1] INFO . - 2021-07-06 08:26:49.868: SecFinder-J Output: [SecFinder-J--Thread--3] - during processing of [ResourceTable.java]
2021-07-06 08:26:49.869 [Thread-1] INFO . - 2021-07-06 08:26:49.868: SecFinder-J Output: [SecFinder-J--Thread--2] - during processing of [ResourceTable.java]
2021-07-06 08:26:49.869 [Thread-1] INFO . - 2021-07-06 08:26:49.868: SecFinder-J Output: [SecFinder-J--Thread--4] - during processing of [R.java]
2021-07-06 08:26:49.869 [Thread-1] INFO . - 2021-07-06 08:26:49.869: SecFinder-J Output: [SecFinder-J--Thread--1] - during processing of [BuildConfig.java]
2021-07-06 08:26:52.699 [Thread-1] INFO . - 2021-07-06 08:26:52.699: SecFinder-J Output: [SecFinder-J--Thread--4] - during processing of [MainAbilityShellActivity.java]
2021-07-06 08:26:52.732 [Thread-1] INFO . - 2021-07-06 08:26:52.732: SecFinder-J Output: [SecFinder-J--Thread--1] - during processing of [ShellMyApplication.java]
2021-07-06 08:26:52.799 [Thread-1] INFO . - 2021-07-06 08:26:52.798: SecFinder-J Output: [SecFinder-J--Thread--2] - during processing of [MainAbility.java]
2021-07-06 08:26:52.823 [Thread-1] INFO . - 2021-07-06 08:26:52.823: SecFinder-J Output: [SecFinder-J--Thread--3] - during processing of [MyApplication.java]
2021-07-06 08:26:53.268 [Thread-1] INFO . - 2021-07-06 08:26:53.268: SecFinder-J Output: [SecFinder-J--Thread--2] - during processing of [MainAbilitySlice.java]
2021-07-06 08:26:53.303 [Thread-1] INFO . - 2021-07-06 08:26:53.303: SecFinder-J Output: [SecFinder-J--Thread--1] - during processing of [ExampleOhosTest.java]
2021-07-06 08:26:53.312 [Thread-1] INFO . - 2021-07-06 08:26:53.311: SecFinder-J Output: [SecFinder-J--Thread--4] - during processing of [BuildConfig.java]
2021-07-06 08:26:53.326 [Thread-1] INFO . - 2021-07-06 08:26:53.326: SecFinder-J Output: [SecFinder-J--Thread--3] - during processing of [ResourceTable.java]
2021-07-06 08:26:53.721 [Thread-1] INFO . - 2021-07-06 08:26:53.720: SecFinder-J Output: [SecFinder-J--Thread--4] - during processing of [SignalStrengths.java]
2021-07-06 08:26:54.235 [Thread-1] INFO . - 2021-07-06 08:26:54.234: SecFinder-J Output: step 4/4: Result output...
2021-07-06 08:26:54.235 [Thread-1] INFO . - 2021-07-06 08:26:54.234: SecFinder-J Output: Inspect finish...
2021-07-06 08:26:54.235 [Thread-1] INFO . - Analysis result:
2021-07-06 08:26:54.235 [Thread-1] INFO . -     files analyzed      : 13
2021-07-06 08:26:54.235 [Thread-1] INFO . -     lines analyzed      : 628
2021-07-06 08:26:54.235 [Thread-1] INFO . -     rules used          : 59
2021-07-06 08:26:54.235 [Thread-1] INFO . -     issues detected     : 0
2021-07-06 08:26:54.235 [Thread-1] INFO . -     time cost(sec)      : 6
2021-07-06 08:26:54.235 [Thread-1] INFO . - 
2021-07-06 08:26:54.238 [Thread-2] INFO . - Jul 06, 2021 8:26:54 AM com.huawei.secfinderj.override.HwPmd end
2021-07-06 08:26:54.238 [Thread-2] INFO . - INFO: SecFinder-J run successed!
2021-07-06 08:26:54.744 [CodeMars1] INFO . - start parse errorreport xml
2021-07-06 08:26:54.752 [CodeMars1] INFO . - parse xml time : 367
2021-07-06 08:26:54.753 [CodeMars1] INFO . - end parse errorreport xml
2021-07-06 08:26:54.755 [main] INFO . - end collecting report.
2021-07-06 08:26:54.756 [main] INFO . - end analyzing.
